{"/home/saileb/Zemoso/blinkist-final/my-blinkist/src/Theme.tsx": {"path":"/home/saileb/Zemoso/blinkist-final/my-blinkist/src/Theme.tsx","statementMap":{"0":{"start":{"line":4,"column":17},"end":{"line":376,"column":2}},"1":{"start":{"line":378,"column":21},"end":{"line":384,"column":4}},"2":{"start":{"line":386,"column":24},"end":{"line":392,"column":4}}},"fnMap":{},"branchMap":{},"s":{"0":48,"1":48,"2":48},"f":{},"b":{},"_coverageSchema":"1a1c01bbd47fc00a2c39e90264f33305004495a9","hash":"4884ac377cce7f2427bc25840cfb066ea618b967"}
,"/home/saileb/Zemoso/blinkist-final/my-blinkist/src/components/atoms/addtolibrarybutton/AddToLibraryButton.tsx": {"path":"/home/saileb/Zemoso/blinkist-final/my-blinkist/src/components/atoms/addtolibrarybutton/AddToLibraryButton.tsx","statementMap":{"0":{"start":{"line":7,"column":27},"end":{"line":21,"column":1}},"1":{"start":{"line":8,"column":20},"end":{"line":8,"column":30}},"2":{"start":{"line":9,"column":2},"end":{"line":20,"column":4}}},"fnMap":{"0":{"name":"(anonymous_0)","decl":{"start":{"line":7,"column":27},"end":{"line":7,"column":28}},"loc":{"start":{"line":7,"column":33},"end":{"line":21,"column":1}},"line":7}},"branchMap":{},"s":{"0":3,"1":2,"2":2},"f":{"0":2},"b":{},"_coverageSchema":"1a1c01bbd47fc00a2c39e90264f33305004495a9","hash":"117709efe23c5665ff93fc135f6b4b1fc09d8fa1"}
,"/home/saileb/Zemoso/blinkist-final/my-blinkist/src/components/atoms/author/AuthorName.tsx": {"path":"/home/saileb/Zemoso/blinkist-final/my-blinkist/src/components/atoms/author/AuthorName.tsx","statementMap":{"0":{"start":{"line":9,"column":19},"end":{"line":19,"column":1}},"1":{"start":{"line":10,"column":18},"end":{"line":10,"column":28}},"2":{"start":{"line":11,"column":4},"end":{"line":18,"column":9}}},"fnMap":{"0":{"name":"(anonymous_0)","decl":{"start":{"line":9,"column":19},"end":{"line":9,"column":20}},"loc":{"start":{"line":9,"column":39},"end":{"line":19,"column":1}},"line":9}},"branchMap":{},"s":{"0":9,"1":8,"2":8},"f":{"0":8},"b":{},"_coverageSchema":"1a1c01bbd47fc00a2c39e90264f33305004495a9","hash":"1c9694185b0e9ce0f17799c42cd955dc559cb0b7"}
,"/home/saileb/Zemoso/blinkist-final/my-blinkist/src/components/atoms/avatar/AvatarLogin.tsx": {"path":"/home/saileb/Zemoso/blinkist-final/my-blinkist/src/components/atoms/avatar/AvatarLogin.tsx","statementMap":{"0":{"start":{"line":3,"column":20},"end":{"line":5,"column":1}},"1":{"start":{"line":4,"column":4},"end":{"line":4,"column":84}}},"fnMap":{"0":{"name":"(anonymous_0)","decl":{"start":{"line":3,"column":20},"end":{"line":3,"column":21}},"loc":{"start":{"line":3,"column":26},"end":{"line":5,"column":1}},"line":3}},"branchMap":{},"s":{"0":3,"1":9},"f":{"0":9},"b":{},"_coverageSchema":"1a1c01bbd47fc00a2c39e90264f33305004495a9","hash":"77a08ea00c302a19704f20c1dc890c30e1d2f187"}
,"/home/saileb/Zemoso/blinkist-final/my-blinkist/src/components/atoms/avatar/AvatarLogout.tsx": {"path":"/home/saileb/Zemoso/blinkist-final/my-blinkist/src/components/atoms/avatar/AvatarLogout.tsx","statementMap":{"0":{"start":{"line":3,"column":20},"end":{"line":5,"column":1}},"1":{"start":{"line":4,"column":4},"end":{"line":4,"column":84}}},"fnMap":{"0":{"name":"(anonymous_0)","decl":{"start":{"line":3,"column":20},"end":{"line":3,"column":21}},"loc":{"start":{"line":3,"column":26},"end":{"line":5,"column":1}},"line":3}},"branchMap":{},"s":{"0":2,"1":0},"f":{"0":0},"b":{},"_coverageSchema":"1a1c01bbd47fc00a2c39e90264f33305004495a9","hash":"d17018cdb20de16eaf03ca081868b5126ab36d8a"}
,"/home/saileb/Zemoso/blinkist-final/my-blinkist/src/components/atoms/banner-image/BannerImage.tsx": {"path":"/home/saileb/Zemoso/blinkist-final/my-blinkist/src/components/atoms/banner-image/BannerImage.tsx","statementMap":{"0":{"start":{"line":6,"column":20},"end":{"line":13,"column":1}},"1":{"start":{"line":7,"column":19},"end":{"line":7,"column":29}},"2":{"start":{"line":8,"column":2},"end":{"line":12,"column":4}}},"fnMap":{"0":{"name":"(anonymous_0)","decl":{"start":{"line":6,"column":20},"end":{"line":6,"column":21}},"loc":{"start":{"line":6,"column":26},"end":{"line":13,"column":1}},"line":6}},"branchMap":{},"s":{"0":2,"1":2,"2":2},"f":{"0":2},"b":{},"_coverageSchema":"1a1c01bbd47fc00a2c39e90264f33305004495a9","hash":"52bff6afc64afca45dd7d93bc217b5b164739139"}
,"/home/saileb/Zemoso/blinkist-final/my-blinkist/src/components/atoms/banner-one/BannerOne.tsx": {"path":"/home/saileb/Zemoso/blinkist-final/my-blinkist/src/components/atoms/banner-one/BannerOne.tsx","statementMap":{"0":{"start":{"line":5,"column":18},"end":{"line":17,"column":1}},"1":{"start":{"line":6,"column":20},"end":{"line":6,"column":30}},"2":{"start":{"line":7,"column":2},"end":{"line":16,"column":4}}},"fnMap":{"0":{"name":"(anonymous_0)","decl":{"start":{"line":5,"column":18},"end":{"line":5,"column":19}},"loc":{"start":{"line":5,"column":24},"end":{"line":17,"column":1}},"line":5}},"branchMap":{},"s":{"0":3,"1":3,"2":3},"f":{"0":3},"b":{},"_coverageSchema":"1a1c01bbd47fc00a2c39e90264f33305004495a9","hash":"cc94d8b8cd9fa281958ccefeec8954fccae28757"}
,"/home/saileb/Zemoso/blinkist-final/my-blinkist/src/components/atoms/banner-two/BannerTwo.tsx": {"path":"/home/saileb/Zemoso/blinkist-final/my-blinkist/src/components/atoms/banner-two/BannerTwo.tsx","statementMap":{"0":{"start":{"line":5,"column":18},"end":{"line":16,"column":1}},"1":{"start":{"line":6,"column":20},"end":{"line":6,"column":30}},"2":{"start":{"line":7,"column":2},"end":{"line":15,"column":4}}},"fnMap":{"0":{"name":"(anonymous_0)","decl":{"start":{"line":5,"column":18},"end":{"line":5,"column":19}},"loc":{"start":{"line":5,"column":24},"end":{"line":16,"column":1}},"line":5}},"branchMap":{},"s":{"0":3,"1":3,"2":3},"f":{"0":3},"b":{},"_coverageSchema":"1a1c01bbd47fc00a2c39e90264f33305004495a9","hash":"bae8c9b14ab529b3b10eb12f2b71a48743b21017"}
,"/home/saileb/Zemoso/blinkist-final/my-blinkist/src/components/atoms/blinkimage/BlinkImage.tsx": {"path":"/home/saileb/Zemoso/blinkist-final/my-blinkist/src/components/atoms/blinkimage/BlinkImage.tsx","statementMap":{"0":{"start":{"line":4,"column":19},"end":{"line":16,"column":1}},"1":{"start":{"line":5,"column":2},"end":{"line":15,"column":4}}},"fnMap":{"0":{"name":"(anonymous_0)","decl":{"start":{"line":4,"column":19},"end":{"line":4,"column":20}},"loc":{"start":{"line":4,"column":25},"end":{"line":16,"column":1}},"line":4}},"branchMap":{},"s":{"0":5,"1":5},"f":{"0":5},"b":{},"_coverageSchema":"1a1c01bbd47fc00a2c39e90264f33305004495a9","hash":"2a362ded2482e34832b8ab8bfed8e222928638e0"}
,"/home/saileb/Zemoso/blinkist-final/my-blinkist/src/components/atoms/bookpagedetails/booknote/BookNote.tsx": {"path":"/home/saileb/Zemoso/blinkist-final/my-blinkist/src/components/atoms/bookpagedetails/booknote/BookNote.tsx","statementMap":{"0":{"start":{"line":5,"column":17},"end":{"line":15,"column":1}},"1":{"start":{"line":6,"column":20},"end":{"line":6,"column":30}},"2":{"start":{"line":7,"column":2},"end":{"line":14,"column":2}}},"fnMap":{"0":{"name":"(anonymous_0)","decl":{"start":{"line":5,"column":17},"end":{"line":5,"column":18}},"loc":{"start":{"line":5,"column":23},"end":{"line":15,"column":1}},"line":5}},"branchMap":{},"s":{"0":2,"1":2,"2":2},"f":{"0":2},"b":{},"_coverageSchema":"1a1c01bbd47fc00a2c39e90264f33305004495a9","hash":"3461636874d1e258dd68d6bcbe43717eb6969016"}
,"/home/saileb/Zemoso/blinkist-final/my-blinkist/src/components/atoms/bookpagedetails/bookoptions/finishbutton/FinishReading.tsx": {"path":"/home/saileb/Zemoso/blinkist-final/my-blinkist/src/components/atoms/bookpagedetails/bookoptions/finishbutton/FinishReading.tsx","statementMap":{"0":{"start":{"line":12,"column":22},"end":{"line":33,"column":1}},"1":{"start":{"line":14,"column":20},"end":{"line":14,"column":30}},"2":{"start":{"line":15,"column":2},"end":{"line":32,"column":4}},"3":{"start":{"line":18,"column":20},"end":{"line":18,"column":54}}},"fnMap":{"0":{"name":"(anonymous_0)","decl":{"start":{"line":12,"column":22},"end":{"line":12,"column":23}},"loc":{"start":{"line":12,"column":41},"end":{"line":33,"column":1}},"line":12},"1":{"name":"(anonymous_1)","decl":{"start":{"line":18,"column":15},"end":{"line":18,"column":16}},"loc":{"start":{"line":18,"column":19},"end":{"line":18,"column":55}},"line":18}},"branchMap":{"0":{"loc":{"start":{"line":21,"column":17},"end":{"line":21,"column":40}},"type":"cond-expr","locations":[{"start":{"line":21,"column":29},"end":{"line":21,"column":35}},{"start":{"line":21,"column":38},"end":{"line":21,"column":40}}],"line":21}},"s":{"0":2,"1":4,"2":4,"3":1},"f":{"0":4,"1":1},"b":{"0":[3,1]},"_coverageSchema":"1a1c01bbd47fc00a2c39e90264f33305004495a9","hash":"96ef368ae5c5f3e9c3393fd1e8d7e71ef5bce7c6"}
,"/home/saileb/Zemoso/blinkist-final/my-blinkist/src/components/atoms/bookpagedetails/bookoptions/kindlebutton/SendToKindle.tsx": {"path":"/home/saileb/Zemoso/blinkist-final/my-blinkist/src/components/atoms/bookpagedetails/bookoptions/kindlebutton/SendToKindle.tsx","statementMap":{"0":{"start":{"line":6,"column":21},"end":{"line":18,"column":1}},"1":{"start":{"line":7,"column":20},"end":{"line":7,"column":30}},"2":{"start":{"line":8,"column":2},"end":{"line":17,"column":4}}},"fnMap":{"0":{"name":"(anonymous_0)","decl":{"start":{"line":6,"column":21},"end":{"line":6,"column":22}},"loc":{"start":{"line":6,"column":27},"end":{"line":18,"column":1}},"line":6}},"branchMap":{},"s":{"0":2,"1":2,"2":2},"f":{"0":2},"b":{},"_coverageSchema":"1a1c01bbd47fc00a2c39e90264f33305004495a9","hash":"76f7cf604768d40dbc054967570e31191a025e2a"}
,"/home/saileb/Zemoso/blinkist-final/my-blinkist/src/components/atoms/bookpagedetails/booktitle/BookTitle.tsx": {"path":"/home/saileb/Zemoso/blinkist-final/my-blinkist/src/components/atoms/bookpagedetails/booktitle/BookTitle.tsx","statementMap":{"0":{"start":{"line":5,"column":18},"end":{"line":15,"column":1}},"1":{"start":{"line":6,"column":20},"end":{"line":6,"column":30}},"2":{"start":{"line":7,"column":2},"end":{"line":14,"column":4}}},"fnMap":{"0":{"name":"(anonymous_0)","decl":{"start":{"line":5,"column":18},"end":{"line":5,"column":19}},"loc":{"start":{"line":5,"column":24},"end":{"line":15,"column":1}},"line":5}},"branchMap":{},"s":{"0":2,"1":2,"2":2},"f":{"0":2},"b":{},"_coverageSchema":"1a1c01bbd47fc00a2c39e90264f33305004495a9","hash":"800d0344abc49bb1c013d08b414690f4a2541563"}
,"/home/saileb/Zemoso/blinkist-final/my-blinkist/src/components/atoms/booktitle/BookTitle.tsx": {"path":"/home/saileb/Zemoso/blinkist-final/my-blinkist/src/components/atoms/booktitle/BookTitle.tsx","statementMap":{"0":{"start":{"line":9,"column":18},"end":{"line":21,"column":1}},"1":{"start":{"line":10,"column":20},"end":{"line":10,"column":30}},"2":{"start":{"line":11,"column":2},"end":{"line":20,"column":4}}},"fnMap":{"0":{"name":"(anonymous_0)","decl":{"start":{"line":9,"column":18},"end":{"line":9,"column":19}},"loc":{"start":{"line":9,"column":37},"end":{"line":21,"column":1}},"line":9}},"branchMap":{},"s":{"0":8,"1":7,"2":7},"f":{"0":7},"b":{},"_coverageSchema":"1a1c01bbd47fc00a2c39e90264f33305004495a9","hash":"9ec605d2b223b96d229c0bf50712ad3e0c35264c"}
,"/home/saileb/Zemoso/blinkist-final/my-blinkist/src/components/atoms/current-bar/CurrentBar.tsx": {"path":"/home/saileb/Zemoso/blinkist-final/my-blinkist/src/components/atoms/current-bar/CurrentBar.tsx","statementMap":{"0":{"start":{"line":5,"column":19},"end":{"line":15,"column":1}},"1":{"start":{"line":6,"column":18},"end":{"line":6,"column":28}},"2":{"start":{"line":7,"column":2},"end":{"line":14,"column":4}}},"fnMap":{"0":{"name":"(anonymous_0)","decl":{"start":{"line":5,"column":19},"end":{"line":5,"column":20}},"loc":{"start":{"line":5,"column":25},"end":{"line":15,"column":1}},"line":5}},"branchMap":{},"s":{"0":5,"1":1,"2":1},"f":{"0":1},"b":{},"_coverageSchema":"1a1c01bbd47fc00a2c39e90264f33305004495a9","hash":"80d3f609f2c4912ad6230f6f9951064dc91aba33"}
,"/home/saileb/Zemoso/blinkist-final/my-blinkist/src/components/atoms/explore/Explore.tsx": {"path":"/home/saileb/Zemoso/blinkist-final/my-blinkist/src/components/atoms/explore/Explore.tsx","statementMap":{"0":{"start":{"line":13,"column":16},"end":{"line":26,"column":1}},"1":{"start":{"line":14,"column":20},"end":{"line":14,"column":30}},"2":{"start":{"line":15,"column":2},"end":{"line":25,"column":4}},"3":{"start":{"line":20,"column":10},"end":{"line":20,"column":31}}},"fnMap":{"0":{"name":"(anonymous_0)","decl":{"start":{"line":13,"column":16},"end":{"line":13,"column":17}},"loc":{"start":{"line":13,"column":35},"end":{"line":26,"column":1}},"line":13},"1":{"name":"(anonymous_1)","decl":{"start":{"line":19,"column":17},"end":{"line":19,"column":18}},"loc":{"start":{"line":19,"column":21},"end":{"line":21,"column":7}},"line":19}},"branchMap":{"0":{"loc":{"start":{"line":17,"column":17},"end":{"line":17,"column":51}},"type":"cond-expr","locations":[{"start":{"line":17,"column":30},"end":{"line":17,"column":38}},{"start":{"line":17,"column":41},"end":{"line":17,"column":51}}],"line":17}},"s":{"0":3,"1":4,"2":4,"3":1},"f":{"0":4,"1":1},"b":{"0":[4,0]},"_coverageSchema":"1a1c01bbd47fc00a2c39e90264f33305004495a9","hash":"9fb7bb5ea25453ba4116d2e138c7724d68f822a8"}
,"/home/saileb/Zemoso/blinkist-final/my-blinkist/src/components/atoms/explore-item/Buttons.tsx": {"path":"/home/saileb/Zemoso/blinkist-final/my-blinkist/src/components/atoms/explore-item/Buttons.tsx","statementMap":{"0":{"start":{"line":12,"column":16},"end":{"line":26,"column":1}},"1":{"start":{"line":13,"column":20},"end":{"line":13,"column":30}},"2":{"start":{"line":14,"column":2},"end":{"line":25,"column":4}},"3":{"start":{"line":20,"column":23},"end":{"line":20,"column":43}}},"fnMap":{"0":{"name":"(anonymous_0)","decl":{"start":{"line":12,"column":16},"end":{"line":12,"column":17}},"loc":{"start":{"line":12,"column":39},"end":{"line":26,"column":1}},"line":12},"1":{"name":"(anonymous_1)","decl":{"start":{"line":20,"column":19},"end":{"line":20,"column":20}},"loc":{"start":{"line":20,"column":23},"end":{"line":20,"column":43}},"line":20}},"branchMap":{},"s":{"0":1,"1":2,"2":2,"3":1},"f":{"0":2,"1":1},"b":{},"_coverageSchema":"1a1c01bbd47fc00a2c39e90264f33305004495a9","hash":"c537008c7875ac76a697edfed00c4f9b36852cc0"}
,"/home/saileb/Zemoso/blinkist-final/my-blinkist/src/components/atoms/finished-bar/FinishedBar.tsx": {"path":"/home/saileb/Zemoso/blinkist-final/my-blinkist/src/components/atoms/finished-bar/FinishedBar.tsx","statementMap":{"0":{"start":{"line":5,"column":20},"end":{"line":13,"column":1}},"1":{"start":{"line":6,"column":18},"end":{"line":6,"column":28}},"2":{"start":{"line":7,"column":2},"end":{"line":12,"column":4}}},"fnMap":{"0":{"name":"(anonymous_0)","decl":{"start":{"line":5,"column":20},"end":{"line":5,"column":21}},"loc":{"start":{"line":5,"column":26},"end":{"line":13,"column":1}},"line":5}},"branchMap":{},"s":{"0":5,"1":5,"2":5},"f":{"0":5},"b":{},"_coverageSchema":"1a1c01bbd47fc00a2c39e90264f33305004495a9","hash":"0f07188c61ac7c1a56bc7483c878874a2c8828c3"}
,"/home/saileb/Zemoso/blinkist-final/my-blinkist/src/components/atoms/finished-button/FinishedButton.tsx": {"path":"/home/saileb/Zemoso/blinkist-final/my-blinkist/src/components/atoms/finished-button/FinishedButton.tsx","statementMap":{"0":{"start":{"line":10,"column":23},"end":{"line":22,"column":1}},"1":{"start":{"line":11,"column":20},"end":{"line":11,"column":30}},"2":{"start":{"line":12,"column":2},"end":{"line":21,"column":4}},"3":{"start":{"line":16,"column":18},"end":{"line":16,"column":48}}},"fnMap":{"0":{"name":"(anonymous_0)","decl":{"start":{"line":10,"column":23},"end":{"line":10,"column":24}},"loc":{"start":{"line":10,"column":42},"end":{"line":22,"column":1}},"line":10},"1":{"name":"(anonymous_1)","decl":{"start":{"line":16,"column":13},"end":{"line":16,"column":14}},"loc":{"start":{"line":16,"column":17},"end":{"line":16,"column":49}},"line":16}},"branchMap":{},"s":{"0":5,"1":2,"2":2,"3":1},"f":{"0":2,"1":1},"b":{},"_coverageSchema":"1a1c01bbd47fc00a2c39e90264f33305004495a9","hash":"cb6659e8cb764d0c0582d96811037da08a20abcf"}
,"/home/saileb/Zemoso/blinkist-final/my-blinkist/src/components/atoms/footer/copyright/FooterCopyRight.tsx": {"path":"/home/saileb/Zemoso/blinkist-final/my-blinkist/src/components/atoms/footer/copyright/FooterCopyRight.tsx","statementMap":{"0":{"start":{"line":5,"column":24},"end":{"line":18,"column":1}},"1":{"start":{"line":6,"column":20},"end":{"line":6,"column":30}},"2":{"start":{"line":7,"column":2},"end":{"line":17,"column":4}}},"fnMap":{"0":{"name":"(anonymous_0)","decl":{"start":{"line":5,"column":24},"end":{"line":5,"column":25}},"loc":{"start":{"line":5,"column":30},"end":{"line":18,"column":1}},"line":5}},"branchMap":{},"s":{"0":2,"1":2,"2":2},"f":{"0":2},"b":{},"_coverageSchema":"1a1c01bbd47fc00a2c39e90264f33305004495a9","hash":"9fd49b5fef8e21d1ad2035ce9a6a8fd17897bf21"}
,"/home/saileb/Zemoso/blinkist-final/my-blinkist/src/components/atoms/footer/footerhighlight/FooterHighlight.tsx": {"path":"/home/saileb/Zemoso/blinkist-final/my-blinkist/src/components/atoms/footer/footerhighlight/FooterHighlight.tsx","statementMap":{"0":{"start":{"line":5,"column":24},"end":{"line":18,"column":1}},"1":{"start":{"line":6,"column":20},"end":{"line":6,"column":30}},"2":{"start":{"line":7,"column":2},"end":{"line":17,"column":4}}},"fnMap":{"0":{"name":"(anonymous_0)","decl":{"start":{"line":5,"column":24},"end":{"line":5,"column":25}},"loc":{"start":{"line":5,"column":30},"end":{"line":18,"column":1}},"line":5}},"branchMap":{},"s":{"0":3,"1":3,"2":3},"f":{"0":3},"b":{},"_coverageSchema":"1a1c01bbd47fc00a2c39e90264f33305004495a9","hash":"8d332cefd37fdfcd3b2123893520ba68ff83a0e1"}
,"/home/saileb/Zemoso/blinkist-final/my-blinkist/src/components/atoms/footer/navitems/navhead/NavHead.tsx": {"path":"/home/saileb/Zemoso/blinkist-final/my-blinkist/src/components/atoms/footer/navitems/navhead/NavHead.tsx","statementMap":{"0":{"start":{"line":9,"column":16},"end":{"line":21,"column":1}},"1":{"start":{"line":10,"column":20},"end":{"line":10,"column":30}},"2":{"start":{"line":11,"column":2},"end":{"line":20,"column":4}}},"fnMap":{"0":{"name":"(anonymous_0)","decl":{"start":{"line":9,"column":16},"end":{"line":9,"column":17}},"loc":{"start":{"line":9,"column":40},"end":{"line":21,"column":1}},"line":9}},"branchMap":{},"s":{"0":5,"1":7,"2":7},"f":{"0":7},"b":{},"_coverageSchema":"1a1c01bbd47fc00a2c39e90264f33305004495a9","hash":"6ba717e019142795c4d2783c16cee76885a46e80"}
,"/home/saileb/Zemoso/blinkist-final/my-blinkist/src/components/atoms/footer/navitems/navitem/NavItem.tsx": {"path":"/home/saileb/Zemoso/blinkist-final/my-blinkist/src/components/atoms/footer/navitems/navitem/NavItem.tsx","statementMap":{"0":{"start":{"line":7,"column":16},"end":{"line":19,"column":1}},"1":{"start":{"line":8,"column":16},"end":{"line":8,"column":26}},"2":{"start":{"line":9,"column":2},"end":{"line":18,"column":4}}},"fnMap":{"0":{"name":"(anonymous_0)","decl":{"start":{"line":7,"column":16},"end":{"line":7,"column":17}},"loc":{"start":{"line":7,"column":40},"end":{"line":19,"column":1}},"line":7}},"branchMap":{},"s":{"0":5,"1":27,"2":27},"f":{"0":27},"b":{},"_coverageSchema":"1a1c01bbd47fc00a2c39e90264f33305004495a9","hash":"4bf1208d086e9340de173021beb18fa392e73ee4"}
,"/home/saileb/Zemoso/blinkist-final/my-blinkist/src/components/atoms/headings/Heading.tsx": {"path":"/home/saileb/Zemoso/blinkist-final/my-blinkist/src/components/atoms/headings/Heading.tsx","statementMap":{"0":{"start":{"line":5,"column":16},"end":{"line":16,"column":1}},"1":{"start":{"line":6,"column":20},"end":{"line":6,"column":30}},"2":{"start":{"line":7,"column":2},"end":{"line":15,"column":4}}},"fnMap":{"0":{"name":"(anonymous_0)","decl":{"start":{"line":5,"column":16},"end":{"line":5,"column":17}},"loc":{"start":{"line":5,"column":22},"end":{"line":16,"column":1}},"line":5}},"branchMap":{},"s":{"0":1,"1":1,"2":1},"f":{"0":1},"b":{},"_coverageSchema":"1a1c01bbd47fc00a2c39e90264f33305004495a9","hash":"d5881f39d879b3abdf049628a4386eef891455fc"}
,"/home/saileb/Zemoso/blinkist-final/my-blinkist/src/components/atoms/keyideas/KeyIdeas.tsx": {"path":"/home/saileb/Zemoso/blinkist-final/my-blinkist/src/components/atoms/keyideas/KeyIdeas.tsx","statementMap":{"0":{"start":{"line":5,"column":17},"end":{"line":15,"column":1}},"1":{"start":{"line":6,"column":20},"end":{"line":6,"column":30}},"2":{"start":{"line":7,"column":2},"end":{"line":14,"column":4}}},"fnMap":{"0":{"name":"(anonymous_0)","decl":{"start":{"line":5,"column":17},"end":{"line":5,"column":18}},"loc":{"start":{"line":5,"column":23},"end":{"line":15,"column":1}},"line":5}},"branchMap":{},"s":{"0":1,"1":1,"2":1},"f":{"0":1},"b":{},"_coverageSchema":"1a1c01bbd47fc00a2c39e90264f33305004495a9","hash":"d8bd58df04bf4526d04a84f57b05cdffff8971d7"}
,"/home/saileb/Zemoso/blinkist-final/my-blinkist/src/components/atoms/loginButton/LoginButton.tsx": {"path":"/home/saileb/Zemoso/blinkist-final/my-blinkist/src/components/atoms/loginButton/LoginButton.tsx","statementMap":{"0":{"start":{"line":5,"column":20},"end":{"line":12,"column":1}},"1":{"start":{"line":6,"column":32},"end":{"line":6,"column":42}},"2":{"start":{"line":7,"column":2},"end":{"line":11,"column":3}},"3":{"start":{"line":9,"column":33},"end":{"line":9,"column":52}}},"fnMap":{"0":{"name":"(anonymous_0)","decl":{"start":{"line":5,"column":20},"end":{"line":5,"column":21}},"loc":{"start":{"line":5,"column":26},"end":{"line":12,"column":1}},"line":5},"1":{"name":"(anonymous_1)","decl":{"start":{"line":9,"column":29},"end":{"line":9,"column":30}},"loc":{"start":{"line":9,"column":33},"end":{"line":9,"column":52}},"line":9}},"branchMap":{},"s":{"0":1,"1":0,"2":0,"3":0},"f":{"0":0,"1":0},"b":{},"_coverageSchema":"1a1c01bbd47fc00a2c39e90264f33305004495a9","hash":"f653a72496910775751c8a52929f896d0ac029b8"}
,"/home/saileb/Zemoso/blinkist-final/my-blinkist/src/components/atoms/loginButton/logoutButton/LogoutButton.tsx": {"path":"/home/saileb/Zemoso/blinkist-final/my-blinkist/src/components/atoms/loginButton/logoutButton/LogoutButton.tsx","statementMap":{"0":{"start":{"line":5,"column":21},"end":{"line":12,"column":1}},"1":{"start":{"line":6,"column":21},"end":{"line":6,"column":31}},"2":{"start":{"line":7,"column":2},"end":{"line":11,"column":3}},"3":{"start":{"line":9,"column":33},"end":{"line":9,"column":41}}},"fnMap":{"0":{"name":"(anonymous_0)","decl":{"start":{"line":5,"column":21},"end":{"line":5,"column":22}},"loc":{"start":{"line":5,"column":27},"end":{"line":12,"column":1}},"line":5},"1":{"name":"(anonymous_1)","decl":{"start":{"line":9,"column":29},"end":{"line":9,"column":30}},"loc":{"start":{"line":9,"column":33},"end":{"line":9,"column":41}},"line":9}},"branchMap":{},"s":{"0":1,"1":0,"2":0,"3":0},"f":{"0":0,"1":0},"b":{},"_coverageSchema":"1a1c01bbd47fc00a2c39e90264f33305004495a9","hash":"7029d5bb5d04cc2edcb2c2700a0795cd19517816"}
,"/home/saileb/Zemoso/blinkist-final/my-blinkist/src/components/atoms/main-search-icon/MainSearchIcon.tsx": {"path":"/home/saileb/Zemoso/blinkist-final/my-blinkist/src/components/atoms/main-search-icon/MainSearchIcon.tsx","statementMap":{"0":{"start":{"line":4,"column":23},"end":{"line":9,"column":1}},"1":{"start":{"line":5,"column":2},"end":{"line":8,"column":5}}},"fnMap":{"0":{"name":"(anonymous_0)","decl":{"start":{"line":4,"column":23},"end":{"line":4,"column":24}},"loc":{"start":{"line":4,"column":29},"end":{"line":9,"column":1}},"line":4}},"branchMap":{},"s":{"0":3,"1":3},"f":{"0":3},"b":{},"_coverageSchema":"1a1c01bbd47fc00a2c39e90264f33305004495a9","hash":"db0adfc344eb07f86d772c45f7e0dbb1322d53b9"}
,"/home/saileb/Zemoso/blinkist-final/my-blinkist/src/components/atoms/mylibrary/mylibrary-heading/MyLibHeading.tsx": {"path":"/home/saileb/Zemoso/blinkist-final/my-blinkist/src/components/atoms/mylibrary/mylibrary-heading/MyLibHeading.tsx","statementMap":{"0":{"start":{"line":4,"column":21},"end":{"line":11,"column":1}},"1":{"start":{"line":5,"column":20},"end":{"line":5,"column":30}},"2":{"start":{"line":6,"column":2},"end":{"line":10,"column":4}}},"fnMap":{"0":{"name":"(anonymous_0)","decl":{"start":{"line":4,"column":21},"end":{"line":4,"column":22}},"loc":{"start":{"line":4,"column":27},"end":{"line":11,"column":1}},"line":4}},"branchMap":{},"s":{"0":1,"1":3,"2":2},"f":{"0":3},"b":{},"_coverageSchema":"1a1c01bbd47fc00a2c39e90264f33305004495a9","hash":"c0be41ed9cc563f006021c4a8119c47239dc08c3"}
,"/home/saileb/Zemoso/blinkist-final/my-blinkist/src/components/atoms/mylibrary/mylibrary-text/MyLibrary.tsx": {"path":"/home/saileb/Zemoso/blinkist-final/my-blinkist/src/components/atoms/mylibrary/mylibrary-text/MyLibrary.tsx","statementMap":{"0":{"start":{"line":6,"column":18},"end":{"line":15,"column":1}},"1":{"start":{"line":7,"column":20},"end":{"line":7,"column":30}},"2":{"start":{"line":8,"column":2},"end":{"line":14,"column":4}}},"fnMap":{"0":{"name":"(anonymous_0)","decl":{"start":{"line":6,"column":18},"end":{"line":6,"column":19}},"loc":{"start":{"line":6,"column":24},"end":{"line":15,"column":1}},"line":6}},"branchMap":{},"s":{"0":3,"1":3,"2":3},"f":{"0":3},"b":{},"_coverageSchema":"1a1c01bbd47fc00a2c39e90264f33305004495a9","hash":"12a60036dc31a3750fe1d366fc9a64f7d9e6353d"}
,"/home/saileb/Zemoso/blinkist-final/my-blinkist/src/components/atoms/nav/mainnavdown/MainNavDown.tsx": {"path":"/home/saileb/Zemoso/blinkist-final/my-blinkist/src/components/atoms/nav/mainnavdown/MainNavDown.tsx","statementMap":{"0":{"start":{"line":8,"column":20},"end":{"line":17,"column":1}},"1":{"start":{"line":9,"column":2},"end":{"line":16,"column":4}}},"fnMap":{"0":{"name":"(anonymous_0)","decl":{"start":{"line":8,"column":20},"end":{"line":8,"column":21}},"loc":{"start":{"line":8,"column":46},"end":{"line":17,"column":1}},"line":8}},"branchMap":{},"s":{"0":2,"1":2},"f":{"0":2},"b":{},"_coverageSchema":"1a1c01bbd47fc00a2c39e90264f33305004495a9","hash":"16b10bf0dc0ba634284f4b265fedd61a9b1fda23"}
,"/home/saileb/Zemoso/blinkist-final/my-blinkist/src/components/atoms/nav/nav-down/NavDown.tsx": {"path":"/home/saileb/Zemoso/blinkist-final/my-blinkist/src/components/atoms/nav/nav-down/NavDown.tsx","statementMap":{"0":{"start":{"line":3,"column":16},"end":{"line":9,"column":1}},"1":{"start":{"line":4,"column":2},"end":{"line":8,"column":4}}},"fnMap":{"0":{"name":"(anonymous_0)","decl":{"start":{"line":3,"column":16},"end":{"line":3,"column":17}},"loc":{"start":{"line":3,"column":22},"end":{"line":9,"column":1}},"line":3}},"branchMap":{},"s":{"0":5,"1":3},"f":{"0":3},"b":{},"_coverageSchema":"1a1c01bbd47fc00a2c39e90264f33305004495a9","hash":"ca5b7b3d44b93e014e03fd9cd4b5b4e40dccf410"}
,"/home/saileb/Zemoso/blinkist-final/my-blinkist/src/components/atoms/nav/nav-up/NavUp.tsx": {"path":"/home/saileb/Zemoso/blinkist-final/my-blinkist/src/components/atoms/nav/nav-up/NavUp.tsx","statementMap":{"0":{"start":{"line":4,"column":14},"end":{"line":11,"column":1}},"1":{"start":{"line":5,"column":2},"end":{"line":10,"column":4}}},"fnMap":{"0":{"name":"(anonymous_0)","decl":{"start":{"line":4,"column":14},"end":{"line":4,"column":15}},"loc":{"start":{"line":4,"column":20},"end":{"line":11,"column":1}},"line":4}},"branchMap":{},"s":{"0":4,"1":5},"f":{"0":5},"b":{},"_coverageSchema":"1a1c01bbd47fc00a2c39e90264f33305004495a9","hash":"382243c924ce8324c202116f354570fe7a1f425e"}
,"/home/saileb/Zemoso/blinkist-final/my-blinkist/src/components/atoms/read-time/ReadTime.tsx": {"path":"/home/saileb/Zemoso/blinkist-final/my-blinkist/src/components/atoms/read-time/ReadTime.tsx","statementMap":{"0":{"start":{"line":10,"column":17},"end":{"line":27,"column":1}},"1":{"start":{"line":11,"column":20},"end":{"line":11,"column":30}},"2":{"start":{"line":12,"column":2},"end":{"line":26,"column":4}}},"fnMap":{"0":{"name":"(anonymous_0)","decl":{"start":{"line":10,"column":17},"end":{"line":10,"column":18}},"loc":{"start":{"line":10,"column":37},"end":{"line":27,"column":1}},"line":10}},"branchMap":{},"s":{"0":2,"1":2,"2":2},"f":{"0":2},"b":{},"_coverageSchema":"1a1c01bbd47fc00a2c39e90264f33305004495a9","hash":"66bbc2588a8bf4d68e73495d492c5f7b560cd547"}
,"/home/saileb/Zemoso/blinkist-final/my-blinkist/src/components/atoms/readagainbutton/ReadAgainButton.tsx": {"path":"/home/saileb/Zemoso/blinkist-final/my-blinkist/src/components/atoms/readagainbutton/ReadAgainButton.tsx","statementMap":{"0":{"start":{"line":10,"column":24},"end":{"line":21,"column":1}},"1":{"start":{"line":11,"column":20},"end":{"line":11,"column":30}},"2":{"start":{"line":12,"column":2},"end":{"line":20,"column":4}},"3":{"start":{"line":16,"column":18},"end":{"line":16,"column":51}}},"fnMap":{"0":{"name":"(anonymous_0)","decl":{"start":{"line":10,"column":24},"end":{"line":10,"column":25}},"loc":{"start":{"line":10,"column":42},"end":{"line":21,"column":1}},"line":10},"1":{"name":"(anonymous_1)","decl":{"start":{"line":16,"column":13},"end":{"line":16,"column":14}},"loc":{"start":{"line":16,"column":17},"end":{"line":16,"column":52}},"line":16}},"branchMap":{},"s":{"0":5,"1":6,"2":6,"3":1},"f":{"0":6,"1":1},"b":{},"_coverageSchema":"1a1c01bbd47fc00a2c39e90264f33305004495a9","hash":"26f1e2f8d4c05e50e65fca894cc906cc868a668d"}
,"/home/saileb/Zemoso/blinkist-final/my-blinkist/src/components/atoms/readbutton/ReadNow.tsx": {"path":"/home/saileb/Zemoso/blinkist-final/my-blinkist/src/components/atoms/readbutton/ReadNow.tsx","statementMap":{"0":{"start":{"line":5,"column":16},"end":{"line":16,"column":1}},"1":{"start":{"line":6,"column":20},"end":{"line":6,"column":30}},"2":{"start":{"line":7,"column":2},"end":{"line":15,"column":4}}},"fnMap":{"0":{"name":"(anonymous_0)","decl":{"start":{"line":5,"column":16},"end":{"line":5,"column":17}},"loc":{"start":{"line":5,"column":22},"end":{"line":16,"column":1}},"line":5}},"branchMap":{},"s":{"0":2,"1":2,"2":2},"f":{"0":2},"b":{},"_coverageSchema":"1a1c01bbd47fc00a2c39e90264f33305004495a9","hash":"1cf5287a0c9e3a364dd8e631c29d0375086f8d64"}
,"/home/saileb/Zemoso/blinkist-final/my-blinkist/src/components/atoms/search-icon/SearchIcon.tsx": {"path":"/home/saileb/Zemoso/blinkist-final/my-blinkist/src/components/atoms/search-icon/SearchIcon.tsx","statementMap":{"0":{"start":{"line":4,"column":19},"end":{"line":9,"column":1}},"1":{"start":{"line":5,"column":2},"end":{"line":8,"column":5}}},"fnMap":{"0":{"name":"(anonymous_0)","decl":{"start":{"line":4,"column":19},"end":{"line":4,"column":20}},"loc":{"start":{"line":4,"column":25},"end":{"line":9,"column":1}},"line":4}},"branchMap":{},"s":{"0":2,"1":3},"f":{"0":3},"b":{},"_coverageSchema":"1a1c01bbd47fc00a2c39e90264f33305004495a9","hash":"e8ecafe45907f9b3cc8ea3d2bd541cc6c0ab297e"}
,"/home/saileb/Zemoso/blinkist-final/my-blinkist/src/components/atoms/timer/Timer.tsx": {"path":"/home/saileb/Zemoso/blinkist-final/my-blinkist/src/components/atoms/timer/Timer.tsx","statementMap":{"0":{"start":{"line":3,"column":14},"end":{"line":5,"column":1}},"1":{"start":{"line":4,"column":2},"end":{"line":4,"column":66}}},"fnMap":{"0":{"name":"(anonymous_0)","decl":{"start":{"line":3,"column":14},"end":{"line":3,"column":15}},"loc":{"start":{"line":3,"column":20},"end":{"line":5,"column":1}},"line":3}},"branchMap":{},"s":{"0":11,"1":10},"f":{"0":10},"b":{},"_coverageSchema":"1a1c01bbd47fc00a2c39e90264f33305004495a9","hash":"0024861dc4208f6da3969ba9aca57c563bd3566a"}
,"/home/saileb/Zemoso/blinkist-final/my-blinkist/src/components/molecules/avatar/AvatarDrop.tsx": {"path":"/home/saileb/Zemoso/blinkist-final/my-blinkist/src/components/molecules/avatar/AvatarDrop.tsx","statementMap":{"0":{"start":{"line":12,"column":20},"end":{"line":26,"column":1}},"1":{"start":{"line":13,"column":21},"end":{"line":13,"column":31}},"2":{"start":{"line":14,"column":2},"end":{"line":25,"column":4}}},"fnMap":{"0":{"name":"(anonymous_0)","decl":{"start":{"line":12,"column":20},"end":{"line":12,"column":21}},"loc":{"start":{"line":12,"column":40},"end":{"line":26,"column":1}},"line":12}},"branchMap":{"0":{"loc":{"start":{"line":18,"column":8},"end":{"line":18,"column":64}},"type":"cond-expr","locations":[{"start":{"line":18,"column":32},"end":{"line":18,"column":46}},{"start":{"line":18,"column":49},"end":{"line":18,"column":64}}],"line":18}},"s":{"0":2,"1":4,"2":2},"f":{"0":4},"b":{"0":[2,0]},"_coverageSchema":"1a1c01bbd47fc00a2c39e90264f33305004495a9","hash":"8eee62bb40030ed4911d95727970f086c02d5206"}
,"/home/saileb/Zemoso/blinkist-final/my-blinkist/src/components/molecules/banner-items/banner-item/BannerItems.tsx": {"path":"/home/saileb/Zemoso/blinkist-final/my-blinkist/src/components/molecules/banner-items/banner-item/BannerItems.tsx","statementMap":{"0":{"start":{"line":6,"column":27},"end":{"line":17,"column":1}},"1":{"start":{"line":7,"column":2},"end":{"line":16,"column":4}}},"fnMap":{"0":{"name":"(anonymous_0)","decl":{"start":{"line":6,"column":27},"end":{"line":6,"column":28}},"loc":{"start":{"line":6,"column":33},"end":{"line":17,"column":1}},"line":6}},"branchMap":{},"s":{"0":2,"1":2},"f":{"0":2},"b":{},"_coverageSchema":"1a1c01bbd47fc00a2c39e90264f33305004495a9","hash":"d6d404c073ac34227397fe2d2c41e45046c61c60"}
,"/home/saileb/Zemoso/blinkist-final/my-blinkist/src/components/molecules/banner-items/main-banner/MainBanner.tsx": {"path":"/home/saileb/Zemoso/blinkist-final/my-blinkist/src/components/molecules/banner-items/main-banner/MainBanner.tsx","statementMap":{"0":{"start":{"line":7,"column":19},"end":{"line":19,"column":1}},"1":{"start":{"line":8,"column":20},"end":{"line":8,"column":30}},"2":{"start":{"line":9,"column":2},"end":{"line":18,"column":4}}},"fnMap":{"0":{"name":"(anonymous_0)","decl":{"start":{"line":7,"column":19},"end":{"line":7,"column":20}},"loc":{"start":{"line":7,"column":25},"end":{"line":19,"column":1}},"line":7}},"branchMap":{},"s":{"0":1,"1":1,"2":1},"f":{"0":1},"b":{},"_coverageSchema":"1a1c01bbd47fc00a2c39e90264f33305004495a9","hash":"9b63995976ac8e97e51c401cba8efd1436066cd7"}
,"/home/saileb/Zemoso/blinkist-final/my-blinkist/src/components/molecules/bookdetailstabs/BookDetailsTabs.tsx": {"path":"/home/saileb/Zemoso/blinkist-final/my-blinkist/src/components/molecules/bookdetailstabs/BookDetailsTabs.tsx","statementMap":{"0":{"start":{"line":7,"column":24},"end":{"line":40,"column":1}},"1":{"start":{"line":8,"column":20},"end":{"line":8,"column":30}},"2":{"start":{"line":9,"column":30},"end":{"line":9,"column":43}},"3":{"start":{"line":10,"column":25},"end":{"line":12,"column":7}},"4":{"start":{"line":11,"column":8},"end":{"line":11,"column":27}},"5":{"start":{"line":13,"column":2},"end":{"line":39,"column":4}}},"fnMap":{"0":{"name":"(anonymous_0)","decl":{"start":{"line":7,"column":24},"end":{"line":7,"column":25}},"loc":{"start":{"line":7,"column":30},"end":{"line":40,"column":1}},"line":7},"1":{"name":"(anonymous_1)","decl":{"start":{"line":10,"column":25},"end":{"line":10,"column":26}},"loc":{"start":{"line":10,"column":76},"end":{"line":12,"column":7}},"line":10}},"branchMap":{"0":{"loc":{"start":{"line":22,"column":60},"end":{"line":22,"column":112}},"type":"cond-expr","locations":[{"start":{"line":22,"column":76},"end":{"line":22,"column":93}},{"start":{"line":22,"column":96},"end":{"line":22,"column":112}}],"line":22},"1":{"loc":{"start":{"line":23,"column":67},"end":{"line":23,"column":119}},"type":"cond-expr","locations":[{"start":{"line":23,"column":83},"end":{"line":23,"column":100}},{"start":{"line":23,"column":103},"end":{"line":23,"column":119}}],"line":23},"2":{"loc":{"start":{"line":24,"column":68},"end":{"line":24,"column":120}},"type":"cond-expr","locations":[{"start":{"line":24,"column":84},"end":{"line":24,"column":101}},{"start":{"line":24,"column":104},"end":{"line":24,"column":120}}],"line":24}},"s":{"0":1,"1":1,"2":1,"3":1,"4":0,"5":1},"f":{"0":1,"1":0},"b":{"0":[1,0],"1":[0,1],"2":[0,1]},"_coverageSchema":"1a1c01bbd47fc00a2c39e90264f33305004495a9","hash":"0c5465927ceca04059fad8591976558e27619fc2"}
,"/home/saileb/Zemoso/blinkist-final/my-blinkist/src/components/molecules/card/CardHead.tsx": {"path":"/home/saileb/Zemoso/blinkist-final/my-blinkist/src/components/molecules/card/CardHead.tsx","statementMap":{"0":{"start":{"line":14,"column":17},"end":{"line":39,"column":1}},"1":{"start":{"line":15,"column":18},"end":{"line":15,"column":28}},"2":{"start":{"line":16,"column":2},"end":{"line":38,"column":4}}},"fnMap":{"0":{"name":"(anonymous_0)","decl":{"start":{"line":14,"column":17},"end":{"line":14,"column":18}},"loc":{"start":{"line":14,"column":34},"end":{"line":39,"column":1}},"line":14}},"branchMap":{},"s":{"0":7,"1":6,"2":6},"f":{"0":6},"b":{},"_coverageSchema":"1a1c01bbd47fc00a2c39e90264f33305004495a9","hash":"7f407917eb7747d2447e63ebd5dd7296d112351c"}
,"/home/saileb/Zemoso/blinkist-final/my-blinkist/src/components/molecules/explore-items/explore-grid-head/ExploreMenuHead.tsx": {"path":"/home/saileb/Zemoso/blinkist-final/my-blinkist/src/components/molecules/explore-items/explore-grid-head/ExploreMenuHead.tsx","statementMap":{"0":{"start":{"line":5,"column":24},"end":{"line":37,"column":1}},"1":{"start":{"line":6,"column":20},"end":{"line":6,"column":30}},"2":{"start":{"line":7,"column":2},"end":{"line":36,"column":4}}},"fnMap":{"0":{"name":"(anonymous_0)","decl":{"start":{"line":5,"column":24},"end":{"line":5,"column":25}},"loc":{"start":{"line":5,"column":30},"end":{"line":37,"column":1}},"line":5}},"branchMap":{},"s":{"0":1,"1":1,"2":1},"f":{"0":1},"b":{},"_coverageSchema":"1a1c01bbd47fc00a2c39e90264f33305004495a9","hash":"eef734325b28e834d35550646f36c6fdeedc8cce"}
,"/home/saileb/Zemoso/blinkist-final/my-blinkist/src/components/molecules/footer/footer-highlight/BlinkHighlight.tsx": {"path":"/home/saileb/Zemoso/blinkist-final/my-blinkist/src/components/molecules/footer/footer-highlight/BlinkHighlight.tsx","statementMap":{"0":{"start":{"line":7,"column":23},"end":{"line":25,"column":1}},"1":{"start":{"line":8,"column":20},"end":{"line":8,"column":30}},"2":{"start":{"line":9,"column":2},"end":{"line":24,"column":4}}},"fnMap":{"0":{"name":"(anonymous_0)","decl":{"start":{"line":7,"column":23},"end":{"line":7,"column":24}},"loc":{"start":{"line":7,"column":29},"end":{"line":25,"column":1}},"line":7}},"branchMap":{},"s":{"0":2,"1":2,"2":2},"f":{"0":2},"b":{},"_coverageSchema":"1a1c01bbd47fc00a2c39e90264f33305004495a9","hash":"a4f7456ecef0e2e4e6acfe7906adfa0d179e1bb4"}
,"/home/saileb/Zemoso/blinkist-final/my-blinkist/src/components/molecules/footer/footer-main/FooterMain.tsx": {"path":"/home/saileb/Zemoso/blinkist-final/my-blinkist/src/components/molecules/footer/footer-main/FooterMain.tsx","statementMap":{"0":{"start":{"line":10,"column":19},"end":{"line":50,"column":1}},"1":{"start":{"line":11,"column":20},"end":{"line":11,"column":30}},"2":{"start":{"line":12,"column":2},"end":{"line":49,"column":4}}},"fnMap":{"0":{"name":"(anonymous_0)","decl":{"start":{"line":10,"column":19},"end":{"line":10,"column":20}},"loc":{"start":{"line":10,"column":25},"end":{"line":50,"column":1}},"line":10}},"branchMap":{},"s":{"0":1,"1":1,"2":1},"f":{"0":1},"b":{},"_coverageSchema":"1a1c01bbd47fc00a2c39e90264f33305004495a9","hash":"04b075d8dd2a5f1cedb57174c8592c03bb5519d8"}
,"/home/saileb/Zemoso/blinkist-final/my-blinkist/src/components/molecules/footer/footer-navlist/FooterNavListOne.tsx": {"path":"/home/saileb/Zemoso/blinkist-final/my-blinkist/src/components/molecules/footer/footer-navlist/FooterNavListOne.tsx","statementMap":{"0":{"start":{"line":6,"column":11},"end":{"line":6,"column":90}},"1":{"start":{"line":7,"column":25},"end":{"line":23,"column":1}},"2":{"start":{"line":8,"column":13},"end":{"line":8,"column":14}},"3":{"start":{"line":9,"column":2},"end":{"line":22,"column":4}},"4":{"start":{"line":16,"column":16},"end":{"line":18,"column":23}}},"fnMap":{"0":{"name":"(anonymous_0)","decl":{"start":{"line":7,"column":25},"end":{"line":7,"column":26}},"loc":{"start":{"line":7,"column":31},"end":{"line":23,"column":1}},"line":7},"1":{"name":"(anonymous_1)","decl":{"start":{"line":15,"column":21},"end":{"line":15,"column":22}},"loc":{"start":{"line":16,"column":16},"end":{"line":18,"column":23}},"line":16}},"branchMap":{},"s":{"0":2,"1":2,"2":2,"3":2,"4":8},"f":{"0":2,"1":8},"b":{},"_coverageSchema":"1a1c01bbd47fc00a2c39e90264f33305004495a9","hash":"87cc3b3de2dc52093205bf78601118833b95c0fe"}
,"/home/saileb/Zemoso/blinkist-final/my-blinkist/src/components/molecules/footer/footer-navlist/FooterNavListThree.tsx": {"path":"/home/saileb/Zemoso/blinkist-final/my-blinkist/src/components/molecules/footer/footer-navlist/FooterNavListThree.tsx","statementMap":{"0":{"start":{"line":7,"column":11},"end":{"line":7,"column":59}},"1":{"start":{"line":8,"column":27},"end":{"line":24,"column":1}},"2":{"start":{"line":9,"column":12},"end":{"line":9,"column":13}},"3":{"start":{"line":10,"column":2},"end":{"line":23,"column":4}},"4":{"start":{"line":17,"column":12},"end":{"line":19,"column":19}}},"fnMap":{"0":{"name":"(anonymous_0)","decl":{"start":{"line":8,"column":27},"end":{"line":8,"column":28}},"loc":{"start":{"line":8,"column":33},"end":{"line":24,"column":1}},"line":8},"1":{"name":"(anonymous_1)","decl":{"start":{"line":16,"column":17},"end":{"line":16,"column":18}},"loc":{"start":{"line":17,"column":12},"end":{"line":19,"column":19}},"line":17}},"branchMap":{},"s":{"0":2,"1":2,"2":2,"3":2,"4":8},"f":{"0":2,"1":8},"b":{},"_coverageSchema":"1a1c01bbd47fc00a2c39e90264f33305004495a9","hash":"eaf659fd034a500bc9186ad9095c5f0c0154b727"}
,"/home/saileb/Zemoso/blinkist-final/my-blinkist/src/components/molecules/footer/footer-navlist/FooterNavListTwo.tsx": {"path":"/home/saileb/Zemoso/blinkist-final/my-blinkist/src/components/molecules/footer/footer-navlist/FooterNavListTwo.tsx","statementMap":{"0":{"start":{"line":5,"column":11},"end":{"line":5,"column":91}},"1":{"start":{"line":6,"column":25},"end":{"line":20,"column":1}},"2":{"start":{"line":7,"column":14},"end":{"line":7,"column":15}},"3":{"start":{"line":8,"column":4},"end":{"line":19,"column":9}},"4":{"start":{"line":14,"column":12},"end":{"line":16,"column":19}}},"fnMap":{"0":{"name":"(anonymous_0)","decl":{"start":{"line":6,"column":25},"end":{"line":6,"column":26}},"loc":{"start":{"line":6,"column":31},"end":{"line":20,"column":1}},"line":6},"1":{"name":"(anonymous_1)","decl":{"start":{"line":13,"column":17},"end":{"line":13,"column":18}},"loc":{"start":{"line":14,"column":12},"end":{"line":16,"column":19}},"line":14}},"branchMap":{},"s":{"0":2,"1":2,"2":2,"3":2,"4":10},"f":{"0":2,"1":10},"b":{},"_coverageSchema":"1a1c01bbd47fc00a2c39e90264f33305004495a9","hash":"b1a3493cac8dc1d92d484fa977b339fa4148625b"}
,"/home/saileb/Zemoso/blinkist-final/my-blinkist/src/components/molecules/read-time/ReadTime.tsx": {"path":"/home/saileb/Zemoso/blinkist-final/my-blinkist/src/components/molecules/read-time/ReadTime.tsx","statementMap":{"0":{"start":{"line":9,"column":17},"end":{"line":21,"column":1}},"1":{"start":{"line":10,"column":20},"end":{"line":10,"column":30}},"2":{"start":{"line":11,"column":2},"end":{"line":20,"column":4}}},"fnMap":{"0":{"name":"(anonymous_0)","decl":{"start":{"line":9,"column":17},"end":{"line":9,"column":18}},"loc":{"start":{"line":9,"column":37},"end":{"line":21,"column":1}},"line":9}},"branchMap":{},"s":{"0":8,"1":7,"2":7},"f":{"0":7},"b":{},"_coverageSchema":"1a1c01bbd47fc00a2c39e90264f33305004495a9","hash":"5d8f9c5f0aa163e815c0af792d9f3d0307fc524b"}
,"/home/saileb/Zemoso/blinkist-final/my-blinkist/src/components/organisms/bookdetailsgrid/BookDetailsGrid.tsx": {"path":"/home/saileb/Zemoso/blinkist-final/my-blinkist/src/components/organisms/bookdetailsgrid/BookDetailsGrid.tsx","statementMap":{"0":{"start":{"line":19,"column":24},"end":{"line":67,"column":1}},"1":{"start":{"line":20,"column":18},"end":{"line":20,"column":28}},"2":{"start":{"line":21,"column":2},"end":{"line":66,"column":4}}},"fnMap":{"0":{"name":"(anonymous_0)","decl":{"start":{"line":19,"column":24},"end":{"line":19,"column":25}},"loc":{"start":{"line":19,"column":43},"end":{"line":67,"column":1}},"line":19}},"branchMap":{},"s":{"0":1,"1":1,"2":1},"f":{"0":1},"b":{},"_coverageSchema":"1a1c01bbd47fc00a2c39e90264f33305004495a9","hash":"57c89396ea1ea3ad0576b25f87e055f5d20e4f51"}
,"/home/saileb/Zemoso/blinkist-final/my-blinkist/src/components/organisms/cards/card-add/CardAdd.tsx": {"path":"/home/saileb/Zemoso/blinkist-final/my-blinkist/src/components/organisms/cards/card-add/CardAdd.tsx","statementMap":{"0":{"start":{"line":14,"column":16},"end":{"line":49,"column":1}},"1":{"start":{"line":15,"column":14},"end":{"line":15,"column":15}},"2":{"start":{"line":16,"column":20},"end":{"line":16,"column":30}},"3":{"start":{"line":17,"column":22},"end":{"line":36,"column":6}},"4":{"start":{"line":18,"column":8},"end":{"line":35,"column":15}},"5":{"start":{"line":37,"column":2},"end":{"line":48,"column":4}}},"fnMap":{"0":{"name":"(anonymous_0)","decl":{"start":{"line":14,"column":16},"end":{"line":14,"column":17}},"loc":{"start":{"line":14,"column":33},"end":{"line":49,"column":1}},"line":14},"1":{"name":"(anonymous_1)","decl":{"start":{"line":17,"column":40},"end":{"line":17,"column":41}},"loc":{"start":{"line":18,"column":8},"end":{"line":35,"column":15}},"line":18}},"branchMap":{},"s":{"0":2,"1":1,"2":1,"3":1,"4":1,"5":1},"f":{"0":1,"1":1},"b":{},"_coverageSchema":"1a1c01bbd47fc00a2c39e90264f33305004495a9","hash":"fd2ae95193783da20e112542338d14f5f1b549ca"}
,"/home/saileb/Zemoso/blinkist-final/my-blinkist/src/components/organisms/cards/card-mui/CardMui.tsx": {"path":"/home/saileb/Zemoso/blinkist-final/my-blinkist/src/components/organisms/cards/card-mui/CardMui.tsx","statementMap":{"0":{"start":{"line":21,"column":16},"end":{"line":46,"column":1}},"1":{"start":{"line":22,"column":20},"end":{"line":22,"column":30}},"2":{"start":{"line":23,"column":22},"end":{"line":36,"column":6}},"3":{"start":{"line":24,"column":8},"end":{"line":35,"column":15}},"4":{"start":{"line":41,"column":2},"end":{"line":45,"column":4}}},"fnMap":{"0":{"name":"(anonymous_0)","decl":{"start":{"line":21,"column":16},"end":{"line":21,"column":17}},"loc":{"start":{"line":21,"column":33},"end":{"line":46,"column":1}},"line":21},"1":{"name":"(anonymous_1)","decl":{"start":{"line":23,"column":40},"end":{"line":23,"column":41}},"loc":{"start":{"line":24,"column":8},"end":{"line":35,"column":15}},"line":24}},"branchMap":{"0":{"loc":{"start":{"line":31,"column":22},"end":{"line":31,"column":218}},"type":"cond-expr","locations":[{"start":{"line":31,"column":35},"end":{"line":31,"column":120}},{"start":{"line":31,"column":123},"end":{"line":31,"column":217}}],"line":31}},"s":{"0":4,"1":4,"2":4,"3":4,"4":4},"f":{"0":4,"1":4},"b":{"0":[0,4]},"_coverageSchema":"1a1c01bbd47fc00a2c39e90264f33305004495a9","hash":"ad08ee4c6a1a1230644c1d94588732f34f1c451d"}
,"/home/saileb/Zemoso/blinkist-final/my-blinkist/src/components/organisms/header/header-left/HeaderLeft.tsx": {"path":"/home/saileb/Zemoso/blinkist-final/my-blinkist/src/components/organisms/header/header-left/HeaderLeft.tsx","statementMap":{"0":{"start":{"line":15,"column":20},"end":{"line":33,"column":1}},"1":{"start":{"line":16,"column":21},"end":{"line":16,"column":31}},"2":{"start":{"line":17,"column":2},"end":{"line":32,"column":4}}},"fnMap":{"0":{"name":"(anonymous_0)","decl":{"start":{"line":15,"column":20},"end":{"line":15,"column":21}},"loc":{"start":{"line":15,"column":39},"end":{"line":33,"column":1}},"line":15}},"branchMap":{},"s":{"0":2,"1":2,"2":2},"f":{"0":2},"b":{},"_coverageSchema":"1a1c01bbd47fc00a2c39e90264f33305004495a9","hash":"783aa0d24e229f948cc9c2ef18d223e56a090d6d"}
,"/home/saileb/Zemoso/blinkist-final/my-blinkist/src/components/organisms/header/toolbar-header/ToolBarHeader.tsx": {"path":"/home/saileb/Zemoso/blinkist-final/my-blinkist/src/components/organisms/header/toolbar-header/ToolBarHeader.tsx","statementMap":{"0":{"start":{"line":20,"column":22},"end":{"line":58,"column":1}},"1":{"start":{"line":21,"column":2},"end":{"line":57,"column":4}}},"fnMap":{"0":{"name":"(anonymous_0)","decl":{"start":{"line":20,"column":22},"end":{"line":20,"column":23}},"loc":{"start":{"line":20,"column":41},"end":{"line":58,"column":1}},"line":20}},"branchMap":{"0":{"loc":{"start":{"line":41,"column":15},"end":{"line":51,"column":15}},"type":"cond-expr","locations":[{"start":{"line":42,"column":16},"end":{"line":46,"column":19}},{"start":{"line":48,"column":16},"end":{"line":50,"column":27}}],"line":41}},"s":{"0":1,"1":2},"f":{"0":2},"b":{"0":[0,1]},"_coverageSchema":"1a1c01bbd47fc00a2c39e90264f33305004495a9","hash":"6aae230f31da5ad8dbee9bf0c538781933024837"}
,"/home/saileb/Zemoso/blinkist-final/my-blinkist/src/components/organisms/main/MainSearch.tsx": {"path":"/home/saileb/Zemoso/blinkist-final/my-blinkist/src/components/organisms/main/MainSearch.tsx","statementMap":{"0":{"start":{"line":11,"column":19},"end":{"line":37,"column":1}},"1":{"start":{"line":12,"column":20},"end":{"line":12,"column":30}},"2":{"start":{"line":13,"column":2},"end":{"line":36,"column":4}},"3":{"start":{"line":33,"column":12},"end":{"line":33,"column":55}}},"fnMap":{"0":{"name":"(anonymous_0)","decl":{"start":{"line":11,"column":19},"end":{"line":11,"column":20}},"loc":{"start":{"line":11,"column":38},"end":{"line":37,"column":1}},"line":11},"1":{"name":"(anonymous_1)","decl":{"start":{"line":32,"column":19},"end":{"line":32,"column":20}},"loc":{"start":{"line":32,"column":24},"end":{"line":34,"column":9}},"line":32}},"branchMap":{},"s":{"0":1,"1":2,"2":2,"3":0},"f":{"0":2,"1":0},"b":{},"_coverageSchema":"1a1c01bbd47fc00a2c39e90264f33305004495a9","hash":"53e82b3b0f58942462bd7a759af66022dd6ddb4e"}
,"/home/saileb/Zemoso/blinkist-final/my-blinkist/src/components/organisms/tabs/ReadingTabs.tsx": {"path":"/home/saileb/Zemoso/blinkist-final/my-blinkist/src/components/organisms/tabs/ReadingTabs.tsx","statementMap":{"0":{"start":{"line":31,"column":20},"end":{"line":77,"column":1}},"1":{"start":{"line":32,"column":18},"end":{"line":32,"column":28}},"2":{"start":{"line":33,"column":28},"end":{"line":33,"column":41}},"3":{"start":{"line":34,"column":26},"end":{"line":34,"column":41}},"4":{"start":{"line":36,"column":21},"end":{"line":40,"column":3}},"5":{"start":{"line":37,"column":4},"end":{"line":37,"column":26}},"6":{"start":{"line":38,"column":4},"end":{"line":38,"column":23}},"7":{"start":{"line":39,"column":4},"end":{"line":39,"column":19}},"8":{"start":{"line":41,"column":2},"end":{"line":76,"column":4}}},"fnMap":{"0":{"name":"(anonymous_0)","decl":{"start":{"line":31,"column":20},"end":{"line":31,"column":21}},"loc":{"start":{"line":31,"column":39},"end":{"line":77,"column":1}},"line":31},"1":{"name":"(anonymous_1)","decl":{"start":{"line":36,"column":21},"end":{"line":36,"column":22}},"loc":{"start":{"line":36,"column":72},"end":{"line":40,"column":3}},"line":36}},"branchMap":{"0":{"loc":{"start":{"line":53,"column":23},"end":{"line":53,"column":76}},"type":"cond-expr","locations":[{"start":{"line":53,"column":40},"end":{"line":53,"column":57}},{"start":{"line":53,"column":60},"end":{"line":53,"column":76}}],"line":53},"1":{"loc":{"start":{"line":58,"column":23},"end":{"line":58,"column":75}},"type":"cond-expr","locations":[{"start":{"line":58,"column":39},"end":{"line":58,"column":56}},{"start":{"line":58,"column":59},"end":{"line":58,"column":75}}],"line":58}},"s":{"0":1,"1":1,"2":1,"3":1,"4":1,"5":0,"6":0,"7":0,"8":1},"f":{"0":1,"1":0},"b":{"0":[1,0],"1":[0,1]},"_coverageSchema":"1a1c01bbd47fc00a2c39e90264f33305004495a9","hash":"1b9332e6486590a152a9a675efdc9a2508ae2a35"}
,"/home/saileb/Zemoso/blinkist-final/my-blinkist/src/components/templates/entrepreneur-books/EntrepreneurReading.tsx": {"path":"/home/saileb/Zemoso/blinkist-final/my-blinkist/src/components/templates/entrepreneur-books/EntrepreneurReading.tsx","statementMap":{"0":{"start":{"line":12,"column":22},"end":{"line":19,"column":3}},"1":{"start":{"line":20,"column":28},"end":{"line":30,"column":1}},"2":{"start":{"line":21,"column":23},"end":{"line":21,"column":93}},"3":{"start":{"line":21,"column":46},"end":{"line":21,"column":92}},"4":{"start":{"line":22,"column":22},"end":{"line":22,"column":90}},"5":{"start":{"line":22,"column":45},"end":{"line":22,"column":89}},"6":{"start":{"line":23,"column":4},"end":{"line":25,"column":6}},"7":{"start":{"line":24,"column":8},"end":{"line":24,"column":25}},"8":{"start":{"line":26,"column":18},"end":{"line":26,"column":28}},"9":{"start":{"line":27,"column":2},"end":{"line":29,"column":9}}},"fnMap":{"0":{"name":"(anonymous_0)","decl":{"start":{"line":20,"column":28},"end":{"line":20,"column":29}},"loc":{"start":{"line":20,"column":46},"end":{"line":30,"column":1}},"line":20},"1":{"name":"(anonymous_1)","decl":{"start":{"line":21,"column":43},"end":{"line":21,"column":44}},"loc":{"start":{"line":21,"column":46},"end":{"line":21,"column":92}},"line":21},"2":{"name":"(anonymous_2)","decl":{"start":{"line":22,"column":42},"end":{"line":22,"column":43}},"loc":{"start":{"line":22,"column":45},"end":{"line":22,"column":89}},"line":22},"3":{"name":"(anonymous_3)","decl":{"start":{"line":23,"column":19},"end":{"line":23,"column":20}},"loc":{"start":{"line":23,"column":24},"end":{"line":25,"column":5}},"line":23}},"branchMap":{},"s":{"0":1,"1":1,"2":3,"3":13,"4":2,"5":12,"6":2,"7":0,"8":2,"9":2},"f":{"0":3,"1":13,"2":12,"3":0},"b":{},"_coverageSchema":"1a1c01bbd47fc00a2c39e90264f33305004495a9","hash":"960a5cf49f4de55a94e4c202f91647b58f5db9d6"}
,"/home/saileb/Zemoso/blinkist-final/my-blinkist/src/components/templates/finished-books/MainFinished.tsx": {"path":"/home/saileb/Zemoso/blinkist-final/my-blinkist/src/components/templates/finished-books/MainFinished.tsx","statementMap":{"0":{"start":{"line":16,"column":21},"end":{"line":22,"column":1}},"1":{"start":{"line":17,"column":2},"end":{"line":21,"column":4}}},"fnMap":{"0":{"name":"(anonymous_0)","decl":{"start":{"line":16,"column":21},"end":{"line":16,"column":22}},"loc":{"start":{"line":16,"column":40},"end":{"line":22,"column":1}},"line":16}},"branchMap":{},"s":{"0":2,"1":1},"f":{"0":1},"b":{},"_coverageSchema":"1a1c01bbd47fc00a2c39e90264f33305004495a9","hash":"b2b2880c0f8a651b5863a6ba6637a610d720ed1b"}
,"/home/saileb/Zemoso/blinkist-final/my-blinkist/src/components/templates/reading-books/MainReading.tsx": {"path":"/home/saileb/Zemoso/blinkist-final/my-blinkist/src/components/templates/reading-books/MainReading.tsx","statementMap":{"0":{"start":{"line":16,"column":20},"end":{"line":22,"column":1}},"1":{"start":{"line":17,"column":2},"end":{"line":21,"column":4}}},"fnMap":{"0":{"name":"(anonymous_0)","decl":{"start":{"line":16,"column":20},"end":{"line":16,"column":21}},"loc":{"start":{"line":16,"column":39},"end":{"line":22,"column":1}},"line":16}},"branchMap":{},"s":{"0":2,"1":2},"f":{"0":2},"b":{},"_coverageSchema":"1a1c01bbd47fc00a2c39e90264f33305004495a9","hash":"e81c67e5510d5c810eb42b0b98ea980a73650972"}
}
